<?xml version="1.0" encoding="UTF-8"?>
<!-- Generated by org.testng.reporters.JUnitReportReporter -->
<testsuite hostname="DESKTOP-R9J89SO" failures="0" tests="1" name="Datadriven.TEST2" time="0.509" errors="0" timestamp="2022-08-29T11:41:43 PDT" skipped="0">
  <testcase classname="Datadriven.TEST2" name="read" time="0.509"/>
  <system-out/>
</testsuite> <!-- Datadriven.TEST2 -->
