<?xml version="1.0" encoding="UTF-8"?>
<!-- Generated by org.testng.reporters.JUnitReportReporter -->
<testsuite hostname="DESKTOP-R9J89SO" failures="0" tests="1" name="Utility_dataprovider_ExcelReader.Data_provider" time="0.007" errors="0" timestamp="2022-08-29T11:29:13 PDT" skipped="0">
  <testcase classname="Utility_dataprovider_ExcelReader.Data_provider" name="getname" time="0.007"/>
  <system-out/>
</testsuite> <!-- Utility_dataprovider_ExcelReader.Data_provider -->
