<?xml version="1.0" encoding="UTF-8"?>
<!-- Generated by org.testng.reporters.JUnitReportReporter -->
<testsuite hostname="DESKTOP-R9J89SO" failures="0" tests="3" name="Akhil_maven.Ak007.App" time="0.019" errors="0" timestamp="2022-08-23T13:15:45 PDT" skipped="0">
  <testcase classname="Akhil_maven.Ak007.App" name="B" time="0.002"/>
  <system-out/>
  <testcase classname="Akhil_maven.Ak007.App" name="A" time="0.015"/>
  <system-out/>
  <testcase classname="Akhil_maven.Ak007.App" name="test" time="0.002"/>
  <system-out/>
</testsuite> <!-- Akhil_maven.Ak007.App -->
