<?xml version="1.0" encoding="UTF-8"?>
<!-- Generated by org.testng.reporters.JUnitReportReporter -->
<testsuite hostname="DESKTOP-R9J89SO" failures="0" tests="2" name="Data_provider.Data_provider" time="0.016" errors="0" timestamp="2022-08-27T13:09:52 PDT" skipped="0">
  <testcase classname="Data_provider.Data_provider" name="getname" time="0.016"/>
  <system-out/>
  <testcase classname="Data_provider.Data_provider" name="getname" time="0.000"/>
  <system-out/>
</testsuite> <!-- Data_provider.Data_provider -->
